24-Jul-2024 21:29:58.868 INFO [main] org.apache.catalina.startup.VersionLoggerListener.log Server version name:   Apache Tomcat/10.1.26
24-Jul-2024 21:29:58.873 INFO [main] org.apache.catalina.startup.VersionLoggerListener.log Server built:          Jul 7 2024 21:02:13 UTC
24-Jul-2024 21:29:58.873 INFO [main] org.apache.catalina.startup.VersionLoggerListener.log Server version number: 10.1.26.0
24-Jul-2024 21:29:58.873 INFO [main] org.apache.catalina.startup.VersionLoggerListener.log OS Name:               Linux
24-Jul-2024 21:29:58.873 INFO [main] org.apache.catalina.startup.VersionLoggerListener.log OS Version:            6.8.0-38-generic
24-Jul-2024 21:29:58.873 INFO [main] org.apache.catalina.startup.VersionLoggerListener.log Architecture:          amd64
24-Jul-2024 21:29:58.873 INFO [main] org.apache.catalina.startup.VersionLoggerListener.log Java Home:             /usr/lib/jvm/jdk-22.0.2-oracle-x64
24-Jul-2024 21:29:58.873 INFO [main] org.apache.catalina.startup.VersionLoggerListener.log JVM Version:           22.0.2+9-70
24-Jul-2024 21:29:58.873 INFO [main] org.apache.catalina.startup.VersionLoggerListener.log JVM Vendor:            Oracle Corporation
24-Jul-2024 21:29:58.873 INFO [main] org.apache.catalina.startup.VersionLoggerListener.log CATALINA_BASE:         /home/ngaurav/Documents/Learning from Telusko/ServletJSP/apache-tomcat
24-Jul-2024 21:29:58.873 INFO [main] org.apache.catalina.startup.VersionLoggerListener.log CATALINA_HOME:         /home/ngaurav/Documents/Learning from Telusko/ServletJSP/apache-tomcat
24-Jul-2024 21:29:58.884 INFO [main] org.apache.catalina.startup.VersionLoggerListener.log Command line argument: -Djava.util.logging.config.file=/home/ngaurav/Documents/Learning from Telusko/ServletJSP/apache-tomcat/conf/logging.properties
24-Jul-2024 21:29:58.884 INFO [main] org.apache.catalina.startup.VersionLoggerListener.log Command line argument: -Djava.util.logging.manager=org.apache.juli.ClassLoaderLogManager
24-Jul-2024 21:29:58.889 INFO [main] org.apache.catalina.startup.VersionLoggerListener.log Command line argument: -Djdk.tls.ephemeralDHKeySize=2048
24-Jul-2024 21:29:58.889 INFO [main] org.apache.catalina.startup.VersionLoggerListener.log Command line argument: -Djava.protocol.handler.pkgs=org.apache.catalina.webresources
24-Jul-2024 21:29:58.889 INFO [main] org.apache.catalina.startup.VersionLoggerListener.log Command line argument: -Dorg.apache.catalina.security.SecurityListener.UMASK=0027
24-Jul-2024 21:29:58.889 INFO [main] org.apache.catalina.startup.VersionLoggerListener.log Command line argument: --add-opens=java.base/java.lang=ALL-UNNAMED
24-Jul-2024 21:29:58.890 INFO [main] org.apache.catalina.startup.VersionLoggerListener.log Command line argument: --add-opens=java.base/java.io=ALL-UNNAMED
24-Jul-2024 21:29:58.890 INFO [main] org.apache.catalina.startup.VersionLoggerListener.log Command line argument: --add-opens=java.base/java.util=ALL-UNNAMED
24-Jul-2024 21:29:58.890 INFO [main] org.apache.catalina.startup.VersionLoggerListener.log Command line argument: --add-opens=java.base/java.util.concurrent=ALL-UNNAMED
24-Jul-2024 21:29:58.890 INFO [main] org.apache.catalina.startup.VersionLoggerListener.log Command line argument: --add-opens=java.rmi/sun.rmi.transport=ALL-UNNAMED
24-Jul-2024 21:29:58.890 INFO [main] org.apache.catalina.startup.VersionLoggerListener.log Command line argument: -Dcatalina.base=/home/ngaurav/Documents/Learning from Telusko/ServletJSP/apache-tomcat
24-Jul-2024 21:29:58.890 INFO [main] org.apache.catalina.startup.VersionLoggerListener.log Command line argument: -Dcatalina.home=/home/ngaurav/Documents/Learning from Telusko/ServletJSP/apache-tomcat
24-Jul-2024 21:29:58.890 INFO [main] org.apache.catalina.startup.VersionLoggerListener.log Command line argument: -Djava.io.tmpdir=/home/ngaurav/Documents/Learning from Telusko/ServletJSP/apache-tomcat/temp
24-Jul-2024 21:29:58.891 INFO [main] org.apache.catalina.core.AprLifecycleListener.lifecycleEvent The Apache Tomcat Native library which allows using OpenSSL was not found on the java.library.path: [/usr/java/packages/lib:/usr/lib64:/lib64:/lib:/usr/lib]
24-Jul-2024 21:29:59.158 INFO [main] org.apache.coyote.AbstractProtocol.init Initializing ProtocolHandler ["http-nio-8080"]
24-Jul-2024 21:29:59.177 INFO [main] org.apache.catalina.startup.Catalina.load Server initialization in [494] milliseconds
24-Jul-2024 21:29:59.214 INFO [main] org.apache.catalina.core.StandardService.startInternal Starting service [Catalina]
24-Jul-2024 21:29:59.214 INFO [main] org.apache.catalina.core.StandardEngine.startInternal Starting Servlet engine: [Apache Tomcat/10.1.26]
24-Jul-2024 21:29:59.236 INFO [main] org.apache.catalina.startup.HostConfig.deployWAR Deploying web application archive [/home/ngaurav/Documents/Learning from Telusko/ServletJSP/apache-tomcat/webapps/demo-1.0.war]
24-Jul-2024 21:29:59.530 INFO [main] org.apache.jasper.servlet.TldScanner.scanJars At least one JAR was scanned for TLDs yet contained no TLDs. Enable debug logging for this logger for a complete list of JARs that were scanned but no TLDs were found in them. Skipping unneeded JARs during scanning can improve startup time and JSP compilation time.
24-Jul-2024 21:29:59.555 INFO [main] org.apache.catalina.startup.HostConfig.deployWAR Deployment of web application archive [/home/ngaurav/Documents/Learning from Telusko/ServletJSP/apache-tomcat/webapps/demo-1.0.war] has finished in [318] ms
24-Jul-2024 21:29:59.555 INFO [main] org.apache.catalina.startup.HostConfig.deployDirectory Deploying web application directory [/home/ngaurav/Documents/Learning from Telusko/ServletJSP/apache-tomcat/webapps/examples]
24-Jul-2024 21:29:59.750 INFO [main] org.apache.jasper.servlet.TldScanner.scanJars At least one JAR was scanned for TLDs yet contained no TLDs. Enable debug logging for this logger for a complete list of JARs that were scanned but no TLDs were found in them. Skipping unneeded JARs during scanning can improve startup time and JSP compilation time.
24-Jul-2024 21:29:59.772 INFO [main] org.apache.catalina.startup.HostConfig.deployDirectory Deployment of web application directory [/home/ngaurav/Documents/Learning from Telusko/ServletJSP/apache-tomcat/webapps/examples] has finished in [217] ms
24-Jul-2024 21:29:59.772 INFO [main] org.apache.catalina.startup.HostConfig.deployDirectory Deploying web application directory [/home/ngaurav/Documents/Learning from Telusko/ServletJSP/apache-tomcat/webapps/ROOT]
24-Jul-2024 21:29:59.800 INFO [main] org.apache.jasper.servlet.TldScanner.scanJars At least one JAR was scanned for TLDs yet contained no TLDs. Enable debug logging for this logger for a complete list of JARs that were scanned but no TLDs were found in them. Skipping unneeded JARs during scanning can improve startup time and JSP compilation time.
24-Jul-2024 21:29:59.802 INFO [main] org.apache.catalina.startup.HostConfig.deployDirectory Deployment of web application directory [/home/ngaurav/Documents/Learning from Telusko/ServletJSP/apache-tomcat/webapps/ROOT] has finished in [30] ms
24-Jul-2024 21:29:59.802 INFO [main] org.apache.catalina.startup.HostConfig.deployDirectory Deploying web application directory [/home/ngaurav/Documents/Learning from Telusko/ServletJSP/apache-tomcat/webapps/abc]
24-Jul-2024 21:29:59.828 INFO [main] org.apache.jasper.servlet.TldScanner.scanJars At least one JAR was scanned for TLDs yet contained no TLDs. Enable debug logging for this logger for a complete list of JARs that were scanned but no TLDs were found in them. Skipping unneeded JARs during scanning can improve startup time and JSP compilation time.
24-Jul-2024 21:29:59.830 INFO [main] org.apache.catalina.startup.HostConfig.deployDirectory Deployment of web application directory [/home/ngaurav/Documents/Learning from Telusko/ServletJSP/apache-tomcat/webapps/abc] has finished in [28] ms
24-Jul-2024 21:29:59.830 INFO [main] org.apache.catalina.startup.HostConfig.deployDirectory Deploying web application directory [/home/ngaurav/Documents/Learning from Telusko/ServletJSP/apache-tomcat/webapps/host-manager]
24-Jul-2024 21:29:59.859 INFO [main] org.apache.jasper.servlet.TldScanner.scanJars At least one JAR was scanned for TLDs yet contained no TLDs. Enable debug logging for this logger for a complete list of JARs that were scanned but no TLDs were found in them. Skipping unneeded JARs during scanning can improve startup time and JSP compilation time.
24-Jul-2024 21:29:59.862 INFO [main] org.apache.catalina.startup.HostConfig.deployDirectory Deployment of web application directory [/home/ngaurav/Documents/Learning from Telusko/ServletJSP/apache-tomcat/webapps/host-manager] has finished in [32] ms
24-Jul-2024 21:29:59.863 INFO [main] org.apache.catalina.startup.HostConfig.deployDirectory Deploying web application directory [/home/ngaurav/Documents/Learning from Telusko/ServletJSP/apache-tomcat/webapps/docs]
24-Jul-2024 21:29:59.888 INFO [main] org.apache.jasper.servlet.TldScanner.scanJars At least one JAR was scanned for TLDs yet contained no TLDs. Enable debug logging for this logger for a complete list of JARs that were scanned but no TLDs were found in them. Skipping unneeded JARs during scanning can improve startup time and JSP compilation time.
24-Jul-2024 21:29:59.889 INFO [main] org.apache.catalina.startup.HostConfig.deployDirectory Deployment of web application directory [/home/ngaurav/Documents/Learning from Telusko/ServletJSP/apache-tomcat/webapps/docs] has finished in [27] ms
24-Jul-2024 21:29:59.889 INFO [main] org.apache.catalina.startup.HostConfig.deployDirectory Deploying web application directory [/home/ngaurav/Documents/Learning from Telusko/ServletJSP/apache-tomcat/webapps/manager]
24-Jul-2024 21:29:59.918 INFO [main] org.apache.jasper.servlet.TldScanner.scanJars At least one JAR was scanned for TLDs yet contained no TLDs. Enable debug logging for this logger for a complete list of JARs that were scanned but no TLDs were found in them. Skipping unneeded JARs during scanning can improve startup time and JSP compilation time.
24-Jul-2024 21:29:59.919 INFO [main] org.apache.catalina.startup.HostConfig.deployDirectory Deployment of web application directory [/home/ngaurav/Documents/Learning from Telusko/ServletJSP/apache-tomcat/webapps/manager] has finished in [30] ms
24-Jul-2024 21:29:59.919 INFO [main] org.apache.catalina.startup.HostConfig.deployDirectory Deploying web application directory [/home/ngaurav/Documents/Learning from Telusko/ServletJSP/apache-tomcat/webapps/demo]
24-Jul-2024 21:29:59.942 INFO [main] org.apache.jasper.servlet.TldScanner.scanJars At least one JAR was scanned for TLDs yet contained no TLDs. Enable debug logging for this logger for a complete list of JARs that were scanned but no TLDs were found in them. Skipping unneeded JARs during scanning can improve startup time and JSP compilation time.
24-Jul-2024 21:29:59.944 INFO [main] org.apache.catalina.startup.HostConfig.deployDirectory Deployment of web application directory [/home/ngaurav/Documents/Learning from Telusko/ServletJSP/apache-tomcat/webapps/demo] has finished in [25] ms
24-Jul-2024 21:29:59.947 INFO [main] org.apache.coyote.AbstractProtocol.start Starting ProtocolHandler ["http-nio-8080"]
24-Jul-2024 21:29:59.956 INFO [main] org.apache.catalina.startup.Catalina.start Server startup in [778] milliseconds
24-Jul-2024 21:30:44.392 INFO [main] org.apache.catalina.core.StandardServer.await A valid shutdown command was received via the shutdown port. Stopping the Server instance.
24-Jul-2024 21:30:44.393 INFO [main] org.apache.coyote.AbstractProtocol.pause Pausing ProtocolHandler ["http-nio-8080"]
24-Jul-2024 21:30:44.396 INFO [main] org.apache.catalina.core.StandardService.stopInternal Stopping service [Catalina]
24-Jul-2024 21:30:44.420 INFO [main] org.apache.coyote.AbstractProtocol.stop Stopping ProtocolHandler ["http-nio-8080"]
24-Jul-2024 21:30:44.431 INFO [main] org.apache.coyote.AbstractProtocol.destroy Destroying ProtocolHandler ["http-nio-8080"]
25-Jul-2024 17:52:17.885 INFO [main] org.apache.catalina.startup.VersionLoggerListener.log Server version name:   Apache Tomcat/10.1.26
25-Jul-2024 17:52:17.889 INFO [main] org.apache.catalina.startup.VersionLoggerListener.log Server built:          Jul 7 2024 21:02:13 UTC
25-Jul-2024 17:52:17.889 INFO [main] org.apache.catalina.startup.VersionLoggerListener.log Server version number: 10.1.26.0
25-Jul-2024 17:52:17.889 INFO [main] org.apache.catalina.startup.VersionLoggerListener.log OS Name:               Linux
25-Jul-2024 17:52:17.889 INFO [main] org.apache.catalina.startup.VersionLoggerListener.log OS Version:            6.8.0-38-generic
25-Jul-2024 17:52:17.889 INFO [main] org.apache.catalina.startup.VersionLoggerListener.log Architecture:          amd64
25-Jul-2024 17:52:17.889 INFO [main] org.apache.catalina.startup.VersionLoggerListener.log Java Home:             /usr/lib/jvm/jdk-22.0.2-oracle-x64
25-Jul-2024 17:52:17.890 INFO [main] org.apache.catalina.startup.VersionLoggerListener.log JVM Version:           22.0.2+9-70
25-Jul-2024 17:52:17.890 INFO [main] org.apache.catalina.startup.VersionLoggerListener.log JVM Vendor:            Oracle Corporation
25-Jul-2024 17:52:17.890 INFO [main] org.apache.catalina.startup.VersionLoggerListener.log CATALINA_BASE:         /home/ngaurav/Documents/Learning from Telusko/ServletJSP/apache-tomcat
25-Jul-2024 17:52:17.890 INFO [main] org.apache.catalina.startup.VersionLoggerListener.log CATALINA_HOME:         /home/ngaurav/Documents/Learning from Telusko/ServletJSP/apache-tomcat
25-Jul-2024 17:52:17.899 INFO [main] org.apache.catalina.startup.VersionLoggerListener.log Command line argument: -Djava.util.logging.config.file=/home/ngaurav/Documents/Learning from Telusko/ServletJSP/apache-tomcat/conf/logging.properties
25-Jul-2024 17:52:17.899 INFO [main] org.apache.catalina.startup.VersionLoggerListener.log Command line argument: -Djava.util.logging.manager=org.apache.juli.ClassLoaderLogManager
25-Jul-2024 17:52:17.900 INFO [main] org.apache.catalina.startup.VersionLoggerListener.log Command line argument: -Djdk.tls.ephemeralDHKeySize=2048
25-Jul-2024 17:52:17.905 INFO [main] org.apache.catalina.startup.VersionLoggerListener.log Command line argument: -Djava.protocol.handler.pkgs=org.apache.catalina.webresources
25-Jul-2024 17:52:17.905 INFO [main] org.apache.catalina.startup.VersionLoggerListener.log Command line argument: -Dorg.apache.catalina.security.SecurityListener.UMASK=0027
25-Jul-2024 17:52:17.905 INFO [main] org.apache.catalina.startup.VersionLoggerListener.log Command line argument: --add-opens=java.base/java.lang=ALL-UNNAMED
25-Jul-2024 17:52:17.905 INFO [main] org.apache.catalina.startup.VersionLoggerListener.log Command line argument: --add-opens=java.base/java.io=ALL-UNNAMED
25-Jul-2024 17:52:17.905 INFO [main] org.apache.catalina.startup.VersionLoggerListener.log Command line argument: --add-opens=java.base/java.util=ALL-UNNAMED
25-Jul-2024 17:52:17.906 INFO [main] org.apache.catalina.startup.VersionLoggerListener.log Command line argument: --add-opens=java.base/java.util.concurrent=ALL-UNNAMED
25-Jul-2024 17:52:17.906 INFO [main] org.apache.catalina.startup.VersionLoggerListener.log Command line argument: --add-opens=java.rmi/sun.rmi.transport=ALL-UNNAMED
25-Jul-2024 17:52:17.906 INFO [main] org.apache.catalina.startup.VersionLoggerListener.log Command line argument: -Dcatalina.base=/home/ngaurav/Documents/Learning from Telusko/ServletJSP/apache-tomcat
25-Jul-2024 17:52:17.906 INFO [main] org.apache.catalina.startup.VersionLoggerListener.log Command line argument: -Dcatalina.home=/home/ngaurav/Documents/Learning from Telusko/ServletJSP/apache-tomcat
25-Jul-2024 17:52:17.906 INFO [main] org.apache.catalina.startup.VersionLoggerListener.log Command line argument: -Djava.io.tmpdir=/home/ngaurav/Documents/Learning from Telusko/ServletJSP/apache-tomcat/temp
25-Jul-2024 17:52:17.907 INFO [main] org.apache.catalina.core.AprLifecycleListener.lifecycleEvent The Apache Tomcat Native library which allows using OpenSSL was not found on the java.library.path: [/usr/java/packages/lib:/usr/lib64:/lib64:/lib:/usr/lib]
25-Jul-2024 17:52:18.233 INFO [main] org.apache.coyote.AbstractProtocol.init Initializing ProtocolHandler ["http-nio-8080"]
25-Jul-2024 17:52:18.253 INFO [main] org.apache.catalina.startup.Catalina.load Server initialization in [557] milliseconds
25-Jul-2024 17:52:18.293 INFO [main] org.apache.catalina.core.StandardService.startInternal Starting service [Catalina]
25-Jul-2024 17:52:18.293 INFO [main] org.apache.catalina.core.StandardEngine.startInternal Starting Servlet engine: [Apache Tomcat/10.1.26]
25-Jul-2024 17:52:18.318 INFO [main] org.apache.catalina.startup.HostConfig.deployWAR Deploying web application archive [/home/ngaurav/Documents/Learning from Telusko/ServletJSP/apache-tomcat/webapps/demo-1.0.war]
25-Jul-2024 17:52:18.647 INFO [main] org.apache.jasper.servlet.TldScanner.scanJars At least one JAR was scanned for TLDs yet contained no TLDs. Enable debug logging for this logger for a complete list of JARs that were scanned but no TLDs were found in them. Skipping unneeded JARs during scanning can improve startup time and JSP compilation time.
25-Jul-2024 17:52:18.675 INFO [main] org.apache.catalina.startup.HostConfig.deployWAR Deployment of web application archive [/home/ngaurav/Documents/Learning from Telusko/ServletJSP/apache-tomcat/webapps/demo-1.0.war] has finished in [356] ms
25-Jul-2024 17:52:18.676 INFO [main] org.apache.catalina.startup.HostConfig.deployWAR Deploying web application archive [/home/ngaurav/Documents/Learning from Telusko/ServletJSP/apache-tomcat/webapps/app-1.0.war]
25-Jul-2024 17:52:19.053 INFO [main] org.apache.jasper.servlet.TldScanner.scanJars At least one JAR was scanned for TLDs yet contained no TLDs. Enable debug logging for this logger for a complete list of JARs that were scanned but no TLDs were found in them. Skipping unneeded JARs during scanning can improve startup time and JSP compilation time.
25-Jul-2024 17:52:19.056 INFO [main] org.apache.catalina.startup.HostConfig.deployWAR Deployment of web application archive [/home/ngaurav/Documents/Learning from Telusko/ServletJSP/apache-tomcat/webapps/app-1.0.war] has finished in [379] ms
25-Jul-2024 17:52:19.056 INFO [main] org.apache.catalina.startup.HostConfig.deployDirectory Deploying web application directory [/home/ngaurav/Documents/Learning from Telusko/ServletJSP/apache-tomcat/webapps/examples]
25-Jul-2024 17:52:19.264 INFO [main] org.apache.jasper.servlet.TldScanner.scanJars At least one JAR was scanned for TLDs yet contained no TLDs. Enable debug logging for this logger for a complete list of JARs that were scanned but no TLDs were found in them. Skipping unneeded JARs during scanning can improve startup time and JSP compilation time.
25-Jul-2024 17:52:19.286 INFO [main] org.apache.catalina.startup.HostConfig.deployDirectory Deployment of web application directory [/home/ngaurav/Documents/Learning from Telusko/ServletJSP/apache-tomcat/webapps/examples] has finished in [230] ms
25-Jul-2024 17:52:19.287 INFO [main] org.apache.catalina.startup.HostConfig.deployDirectory Deploying web application directory [/home/ngaurav/Documents/Learning from Telusko/ServletJSP/apache-tomcat/webapps/ROOT]
25-Jul-2024 17:52:19.320 INFO [main] org.apache.jasper.servlet.TldScanner.scanJars At least one JAR was scanned for TLDs yet contained no TLDs. Enable debug logging for this logger for a complete list of JARs that were scanned but no TLDs were found in them. Skipping unneeded JARs during scanning can improve startup time and JSP compilation time.
25-Jul-2024 17:52:19.321 INFO [main] org.apache.catalina.startup.HostConfig.deployDirectory Deployment of web application directory [/home/ngaurav/Documents/Learning from Telusko/ServletJSP/apache-tomcat/webapps/ROOT] has finished in [34] ms
25-Jul-2024 17:52:19.322 INFO [main] org.apache.catalina.startup.HostConfig.deployDirectory Deploying web application directory [/home/ngaurav/Documents/Learning from Telusko/ServletJSP/apache-tomcat/webapps/abc]
25-Jul-2024 17:52:19.351 INFO [main] org.apache.jasper.servlet.TldScanner.scanJars At least one JAR was scanned for TLDs yet contained no TLDs. Enable debug logging for this logger for a complete list of JARs that were scanned but no TLDs were found in them. Skipping unneeded JARs during scanning can improve startup time and JSP compilation time.
25-Jul-2024 17:52:19.353 INFO [main] org.apache.catalina.startup.HostConfig.deployDirectory Deployment of web application directory [/home/ngaurav/Documents/Learning from Telusko/ServletJSP/apache-tomcat/webapps/abc] has finished in [31] ms
25-Jul-2024 17:52:19.354 INFO [main] org.apache.catalina.startup.HostConfig.deployDirectory Deploying web application directory [/home/ngaurav/Documents/Learning from Telusko/ServletJSP/apache-tomcat/webapps/host-manager]
25-Jul-2024 17:52:19.391 INFO [main] org.apache.jasper.servlet.TldScanner.scanJars At least one JAR was scanned for TLDs yet contained no TLDs. Enable debug logging for this logger for a complete list of JARs that were scanned but no TLDs were found in them. Skipping unneeded JARs during scanning can improve startup time and JSP compilation time.
25-Jul-2024 17:52:19.397 INFO [main] org.apache.catalina.startup.HostConfig.deployDirectory Deployment of web application directory [/home/ngaurav/Documents/Learning from Telusko/ServletJSP/apache-tomcat/webapps/host-manager] has finished in [43] ms
25-Jul-2024 17:52:19.397 INFO [main] org.apache.catalina.startup.HostConfig.deployDirectory Deploying web application directory [/home/ngaurav/Documents/Learning from Telusko/ServletJSP/apache-tomcat/webapps/docs]
25-Jul-2024 17:52:19.429 INFO [main] org.apache.jasper.servlet.TldScanner.scanJars At least one JAR was scanned for TLDs yet contained no TLDs. Enable debug logging for this logger for a complete list of JARs that were scanned but no TLDs were found in them. Skipping unneeded JARs during scanning can improve startup time and JSP compilation time.
25-Jul-2024 17:52:19.431 INFO [main] org.apache.catalina.startup.HostConfig.deployDirectory Deployment of web application directory [/home/ngaurav/Documents/Learning from Telusko/ServletJSP/apache-tomcat/webapps/docs] has finished in [34] ms
25-Jul-2024 17:52:19.433 INFO [main] org.apache.catalina.startup.HostConfig.deployDirectory Deploying web application directory [/home/ngaurav/Documents/Learning from Telusko/ServletJSP/apache-tomcat/webapps/manager]
25-Jul-2024 17:52:19.472 INFO [main] org.apache.jasper.servlet.TldScanner.scanJars At least one JAR was scanned for TLDs yet contained no TLDs. Enable debug logging for this logger for a complete list of JARs that were scanned but no TLDs were found in them. Skipping unneeded JARs during scanning can improve startup time and JSP compilation time.
25-Jul-2024 17:52:19.473 INFO [main] org.apache.catalina.startup.HostConfig.deployDirectory Deployment of web application directory [/home/ngaurav/Documents/Learning from Telusko/ServletJSP/apache-tomcat/webapps/manager] has finished in [41] ms
25-Jul-2024 17:52:19.474 INFO [main] org.apache.catalina.startup.HostConfig.deployDirectory Deploying web application directory [/home/ngaurav/Documents/Learning from Telusko/ServletJSP/apache-tomcat/webapps/demo]
25-Jul-2024 17:52:19.504 INFO [main] org.apache.jasper.servlet.TldScanner.scanJars At least one JAR was scanned for TLDs yet contained no TLDs. Enable debug logging for this logger for a complete list of JARs that were scanned but no TLDs were found in them. Skipping unneeded JARs during scanning can improve startup time and JSP compilation time.
25-Jul-2024 17:52:19.505 INFO [main] org.apache.catalina.startup.HostConfig.deployDirectory Deployment of web application directory [/home/ngaurav/Documents/Learning from Telusko/ServletJSP/apache-tomcat/webapps/demo] has finished in [32] ms
25-Jul-2024 17:52:19.511 INFO [main] org.apache.coyote.AbstractProtocol.start Starting ProtocolHandler ["http-nio-8080"]
25-Jul-2024 17:52:19.525 INFO [main] org.apache.catalina.startup.Catalina.start Server startup in [1270] milliseconds
25-Jul-2024 17:53:39.336 INFO [main] org.apache.catalina.core.StandardServer.await A valid shutdown command was received via the shutdown port. Stopping the Server instance.
25-Jul-2024 17:53:39.338 INFO [main] org.apache.coyote.AbstractProtocol.pause Pausing ProtocolHandler ["http-nio-8080"]
25-Jul-2024 17:53:39.340 INFO [main] org.apache.catalina.core.StandardService.stopInternal Stopping service [Catalina]
25-Jul-2024 17:53:39.370 INFO [main] org.apache.coyote.AbstractProtocol.stop Stopping ProtocolHandler ["http-nio-8080"]
25-Jul-2024 17:53:39.375 INFO [main] org.apache.coyote.AbstractProtocol.destroy Destroying ProtocolHandler ["http-nio-8080"]
25-Jul-2024 18:40:57.321 INFO [main] org.apache.catalina.startup.VersionLoggerListener.log Server version name:   Apache Tomcat/10.1.26
25-Jul-2024 18:40:57.326 INFO [main] org.apache.catalina.startup.VersionLoggerListener.log Server built:          Jul 7 2024 21:02:13 UTC
25-Jul-2024 18:40:57.326 INFO [main] org.apache.catalina.startup.VersionLoggerListener.log Server version number: 10.1.26.0
25-Jul-2024 18:40:57.326 INFO [main] org.apache.catalina.startup.VersionLoggerListener.log OS Name:               Linux
25-Jul-2024 18:40:57.326 INFO [main] org.apache.catalina.startup.VersionLoggerListener.log OS Version:            6.8.0-38-generic
25-Jul-2024 18:40:57.327 INFO [main] org.apache.catalina.startup.VersionLoggerListener.log Architecture:          amd64
25-Jul-2024 18:40:57.327 INFO [main] org.apache.catalina.startup.VersionLoggerListener.log Java Home:             /usr/lib/jvm/jdk-22.0.2-oracle-x64
25-Jul-2024 18:40:57.327 INFO [main] org.apache.catalina.startup.VersionLoggerListener.log JVM Version:           22.0.2+9-70
25-Jul-2024 18:40:57.327 INFO [main] org.apache.catalina.startup.VersionLoggerListener.log JVM Vendor:            Oracle Corporation
25-Jul-2024 18:40:57.327 INFO [main] org.apache.catalina.startup.VersionLoggerListener.log CATALINA_BASE:         /home/ngaurav/Documents/Learning from Telusko/ServletJSP/apache-tomcat
25-Jul-2024 18:40:57.327 INFO [main] org.apache.catalina.startup.VersionLoggerListener.log CATALINA_HOME:         /home/ngaurav/Documents/Learning from Telusko/ServletJSP/apache-tomcat
25-Jul-2024 18:40:57.337 INFO [main] org.apache.catalina.startup.VersionLoggerListener.log Command line argument: -Djava.util.logging.config.file=/home/ngaurav/Documents/Learning from Telusko/ServletJSP/apache-tomcat/conf/logging.properties
25-Jul-2024 18:40:57.337 INFO [main] org.apache.catalina.startup.VersionLoggerListener.log Command line argument: -Djava.util.logging.manager=org.apache.juli.ClassLoaderLogManager
25-Jul-2024 18:40:57.337 INFO [main] org.apache.catalina.startup.VersionLoggerListener.log Command line argument: -Djdk.tls.ephemeralDHKeySize=2048
25-Jul-2024 18:40:57.337 INFO [main] org.apache.catalina.startup.VersionLoggerListener.log Command line argument: -Djava.protocol.handler.pkgs=org.apache.catalina.webresources
25-Jul-2024 18:40:57.337 INFO [main] org.apache.catalina.startup.VersionLoggerListener.log Command line argument: -Dorg.apache.catalina.security.SecurityListener.UMASK=0027
25-Jul-2024 18:40:57.337 INFO [main] org.apache.catalina.startup.VersionLoggerListener.log Command line argument: --add-opens=java.base/java.lang=ALL-UNNAMED
25-Jul-2024 18:40:57.338 INFO [main] org.apache.catalina.startup.VersionLoggerListener.log Command line argument: --add-opens=java.base/java.io=ALL-UNNAMED
25-Jul-2024 18:40:57.338 INFO [main] org.apache.catalina.startup.VersionLoggerListener.log Command line argument: --add-opens=java.base/java.util=ALL-UNNAMED
25-Jul-2024 18:40:57.338 INFO [main] org.apache.catalina.startup.VersionLoggerListener.log Command line argument: --add-opens=java.base/java.util.concurrent=ALL-UNNAMED
25-Jul-2024 18:40:57.338 INFO [main] org.apache.catalina.startup.VersionLoggerListener.log Command line argument: --add-opens=java.rmi/sun.rmi.transport=ALL-UNNAMED
25-Jul-2024 18:40:57.338 INFO [main] org.apache.catalina.startup.VersionLoggerListener.log Command line argument: -Dcatalina.base=/home/ngaurav/Documents/Learning from Telusko/ServletJSP/apache-tomcat
25-Jul-2024 18:40:57.338 INFO [main] org.apache.catalina.startup.VersionLoggerListener.log Command line argument: -Dcatalina.home=/home/ngaurav/Documents/Learning from Telusko/ServletJSP/apache-tomcat
25-Jul-2024 18:40:57.339 INFO [main] org.apache.catalina.startup.VersionLoggerListener.log Command line argument: -Djava.io.tmpdir=/home/ngaurav/Documents/Learning from Telusko/ServletJSP/apache-tomcat/temp
25-Jul-2024 18:40:57.340 INFO [main] org.apache.catalina.core.AprLifecycleListener.lifecycleEvent The Apache Tomcat Native library which allows using OpenSSL was not found on the java.library.path: [/usr/java/packages/lib:/usr/lib64:/lib64:/lib:/usr/lib]
25-Jul-2024 18:40:57.669 INFO [main] org.apache.coyote.AbstractProtocol.init Initializing ProtocolHandler ["http-nio-8080"]
25-Jul-2024 18:40:57.691 INFO [main] org.apache.catalina.startup.Catalina.load Server initialization in [556] milliseconds
25-Jul-2024 18:40:57.730 INFO [main] org.apache.catalina.core.StandardService.startInternal Starting service [Catalina]
25-Jul-2024 18:40:57.730 INFO [main] org.apache.catalina.core.StandardEngine.startInternal Starting Servlet engine: [Apache Tomcat/10.1.26]
25-Jul-2024 18:40:57.756 INFO [main] org.apache.catalina.startup.HostConfig.deployWAR Deploying web application archive [/home/ngaurav/Documents/Learning from Telusko/ServletJSP/apache-tomcat/webapps/app-1.0.war]
25-Jul-2024 18:40:58.397 INFO [main] org.apache.jasper.servlet.TldScanner.scanJars At least one JAR was scanned for TLDs yet contained no TLDs. Enable debug logging for this logger for a complete list of JARs that were scanned but no TLDs were found in them. Skipping unneeded JARs during scanning can improve startup time and JSP compilation time.
25-Jul-2024 18:40:58.425 INFO [main] org.apache.catalina.startup.HostConfig.deployWAR Deployment of web application archive [/home/ngaurav/Documents/Learning from Telusko/ServletJSP/apache-tomcat/webapps/app-1.0.war] has finished in [679] ms
25-Jul-2024 18:40:58.426 INFO [main] org.apache.catalina.startup.HostConfig.deployWAR Deploying web application archive [/home/ngaurav/Documents/Learning from Telusko/ServletJSP/apache-tomcat/webapps/app.war]
25-Jul-2024 18:40:58.429 INFO [main] org.apache.catalina.startup.ExpandWar.expand An expanded directory [/home/ngaurav/Documents/Learning from Telusko/ServletJSP/apache-tomcat/webapps/app] was found with a last modified time that did not match the associated WAR. It will be deleted.
25-Jul-2024 18:40:58.468 INFO [main] org.apache.jasper.servlet.TldScanner.scanJars At least one JAR was scanned for TLDs yet contained no TLDs. Enable debug logging for this logger for a complete list of JARs that were scanned but no TLDs were found in them. Skipping unneeded JARs during scanning can improve startup time and JSP compilation time.
25-Jul-2024 18:40:58.470 INFO [main] org.apache.catalina.startup.HostConfig.deployWAR Deployment of web application archive [/home/ngaurav/Documents/Learning from Telusko/ServletJSP/apache-tomcat/webapps/app.war] has finished in [44] ms
25-Jul-2024 18:40:58.471 INFO [main] org.apache.catalina.startup.HostConfig.deployDirectory Deploying web application directory [/home/ngaurav/Documents/Learning from Telusko/ServletJSP/apache-tomcat/webapps/examples]
25-Jul-2024 18:40:58.675 INFO [main] org.apache.jasper.servlet.TldScanner.scanJars At least one JAR was scanned for TLDs yet contained no TLDs. Enable debug logging for this logger for a complete list of JARs that were scanned but no TLDs were found in them. Skipping unneeded JARs during scanning can improve startup time and JSP compilation time.
25-Jul-2024 18:40:58.695 INFO [main] org.apache.catalina.startup.HostConfig.deployDirectory Deployment of web application directory [/home/ngaurav/Documents/Learning from Telusko/ServletJSP/apache-tomcat/webapps/examples] has finished in [224] ms
25-Jul-2024 18:40:58.696 INFO [main] org.apache.catalina.startup.HostConfig.deployDirectory Deploying web application directory [/home/ngaurav/Documents/Learning from Telusko/ServletJSP/apache-tomcat/webapps/ROOT]
25-Jul-2024 18:40:58.733 INFO [main] org.apache.jasper.servlet.TldScanner.scanJars At least one JAR was scanned for TLDs yet contained no TLDs. Enable debug logging for this logger for a complete list of JARs that were scanned but no TLDs were found in them. Skipping unneeded JARs during scanning can improve startup time and JSP compilation time.
25-Jul-2024 18:40:58.735 INFO [main] org.apache.catalina.startup.HostConfig.deployDirectory Deployment of web application directory [/home/ngaurav/Documents/Learning from Telusko/ServletJSP/apache-tomcat/webapps/ROOT] has finished in [39] ms
25-Jul-2024 18:40:58.735 INFO [main] org.apache.catalina.startup.HostConfig.deployDirectory Deploying web application directory [/home/ngaurav/Documents/Learning from Telusko/ServletJSP/apache-tomcat/webapps/host-manager]
25-Jul-2024 18:40:58.776 INFO [main] org.apache.jasper.servlet.TldScanner.scanJars At least one JAR was scanned for TLDs yet contained no TLDs. Enable debug logging for this logger for a complete list of JARs that were scanned but no TLDs were found in them. Skipping unneeded JARs during scanning can improve startup time and JSP compilation time.
25-Jul-2024 18:40:58.780 INFO [main] org.apache.catalina.startup.HostConfig.deployDirectory Deployment of web application directory [/home/ngaurav/Documents/Learning from Telusko/ServletJSP/apache-tomcat/webapps/host-manager] has finished in [45] ms
25-Jul-2024 18:40:58.781 INFO [main] org.apache.catalina.startup.HostConfig.deployDirectory Deploying web application directory [/home/ngaurav/Documents/Learning from Telusko/ServletJSP/apache-tomcat/webapps/docs]
25-Jul-2024 18:40:58.819 INFO [main] org.apache.jasper.servlet.TldScanner.scanJars At least one JAR was scanned for TLDs yet contained no TLDs. Enable debug logging for this logger for a complete list of JARs that were scanned but no TLDs were found in them. Skipping unneeded JARs during scanning can improve startup time and JSP compilation time.
25-Jul-2024 18:40:58.820 INFO [main] org.apache.catalina.startup.HostConfig.deployDirectory Deployment of web application directory [/home/ngaurav/Documents/Learning from Telusko/ServletJSP/apache-tomcat/webapps/docs] has finished in [39] ms
25-Jul-2024 18:40:58.820 INFO [main] org.apache.catalina.startup.HostConfig.deployDirectory Deploying web application directory [/home/ngaurav/Documents/Learning from Telusko/ServletJSP/apache-tomcat/webapps/manager]
25-Jul-2024 18:40:58.854 INFO [main] org.apache.jasper.servlet.TldScanner.scanJars At least one JAR was scanned for TLDs yet contained no TLDs. Enable debug logging for this logger for a complete list of JARs that were scanned but no TLDs were found in them. Skipping unneeded JARs during scanning can improve startup time and JSP compilation time.
25-Jul-2024 18:40:58.856 INFO [main] org.apache.catalina.startup.HostConfig.deployDirectory Deployment of web application directory [/home/ngaurav/Documents/Learning from Telusko/ServletJSP/apache-tomcat/webapps/manager] has finished in [35] ms
25-Jul-2024 18:40:58.859 INFO [main] org.apache.coyote.AbstractProtocol.start Starting ProtocolHandler ["http-nio-8080"]
25-Jul-2024 18:40:58.869 INFO [main] org.apache.catalina.startup.Catalina.start Server startup in [1177] milliseconds
25-Jul-2024 18:41:27.973 INFO [main] org.apache.catalina.core.StandardServer.await A valid shutdown command was received via the shutdown port. Stopping the Server instance.
25-Jul-2024 18:41:27.974 INFO [main] org.apache.coyote.AbstractProtocol.pause Pausing ProtocolHandler ["http-nio-8080"]
25-Jul-2024 18:41:27.977 INFO [main] org.apache.catalina.core.StandardService.stopInternal Stopping service [Catalina]
25-Jul-2024 18:41:28.002 INFO [main] org.apache.coyote.AbstractProtocol.stop Stopping ProtocolHandler ["http-nio-8080"]
25-Jul-2024 18:41:28.011 INFO [main] org.apache.coyote.AbstractProtocol.destroy Destroying ProtocolHandler ["http-nio-8080"]
